app/build/outputs/mapping/release/seeds.txt
com.BlackBox.Wifi_Login.Activities.Main_Activity
com.BlackBox.Wifi_Login.Activities.Main_Activity: Main_Activity()
com.BlackBox.Wifi_Login.Activities.Splash_Screen
com.BlackBox.Wifi_Login.Activities.Splash_Screen: Splash_Screen()
com.BlackBox.Wifi_Login.Activities.StopServiceActivity
com.BlackBox.Wifi_Login.Activities.StopServiceActivity: StopServiceActivity()
com.BlackBox.Wifi_Login.Activities.StopServiceActivity: void stopService(android.view.View)
com.BlackBox.Wifi_Login.R$anim: int abc_fade_in
com.BlackBox.Wifi_Login.R$anim: int abc_fade_out
com.BlackBox.Wifi_Login.R$anim: int abc_grow_fade_in_from_bottom
com.BlackBox.Wifi_Login.R$anim: int abc_popup_enter
com.BlackBox.Wifi_Login.R$anim: int abc_popup_exit
com.BlackBox.Wifi_Login.R$anim: int abc_shrink_fade_out_from_bottom
com.BlackBox.Wifi_Login.R$anim: int abc_slide_in_bottom
com.BlackBox.Wifi_Login.R$anim: int abc_slide_in_top
com.BlackBox.Wifi_Login.R$anim: int abc_slide_out_bottom
com.BlackBox.Wifi_Login.R$anim: int abc_slide_out_top
com.BlackBox.Wifi_Login.R$anim: int design_bottom_sheet_slide_in
com.BlackBox.Wifi_Login.R$anim: int design_bottom_sheet_slide_out
com.BlackBox.Wifi_Login.R$anim: int design_fab_in
com.BlackBox.Wifi_Login.R$anim: int design_fab_out
com.BlackBox.Wifi_Login.R$anim: int design_snackbar_in
com.BlackBox.Wifi_Login.R$anim: int design_snackbar_out
com.BlackBox.Wifi_Login.R$animator: int design_appbar_state_list_animator
com.BlackBox.Wifi_Login.R$attr: int actionBarDivider
com.BlackBox.Wifi_Login.R$attr: int actionBarItemBackground
com.BlackBox.Wifi_Login.R$attr: int actionBarPopupTheme
com.BlackBox.Wifi_Login.R$attr: int actionBarSize
com.BlackBox.Wifi_Login.R$attr: int actionBarSplitStyle
com.BlackBox.Wifi_Login.R$attr: int actionBarStyle
com.BlackBox.Wifi_Login.R$attr: int actionBarTabBarStyle
com.BlackBox.Wifi_Login.R$attr: int actionBarTabStyle
com.BlackBox.Wifi_Login.R$attr: int actionBarTabTextStyle
com.BlackBox.Wifi_Login.R$attr: int actionBarTheme
com.BlackBox.Wifi_Login.R$attr: int actionBarWidgetTheme
com.BlackBox.Wifi_Login.R$attr: int actionButtonStyle
com.BlackBox.Wifi_Login.R$attr: int actionDropDownStyle
com.BlackBox.Wifi_Login.R$attr: int actionLayout
com.BlackBox.Wifi_Login.R$attr: int actionMenuTextAppearance
com.BlackBox.Wifi_Login.R$attr: int actionMenuTextColor
com.BlackBox.Wifi_Login.R$attr: int actionModeBackground
com.BlackBox.Wifi_Login.R$attr: int actionModeCloseButtonStyle
com.BlackBox.Wifi_Login.R$attr: int actionModeCloseDrawable
com.BlackBox.Wifi_Login.R$attr: int actionModeCopyDrawable
com.BlackBox.Wifi_Login.R$attr: int actionModeCutDrawable
com.BlackBox.Wifi_Login.R$attr: int actionModeFindDrawable
com.BlackBox.Wifi_Login.R$attr: int actionModePasteDrawable
com.BlackBox.Wifi_Login.R$attr: int actionModePopupWindowStyle
com.BlackBox.Wifi_Login.R$attr: int actionModeSelectAllDrawable
com.BlackBox.Wifi_Login.R$attr: int actionModeShareDrawable
com.BlackBox.Wifi_Login.R$bool: int abc_action_bar_embed_tabs
com.BlackBox.Wifi_Login.R$bool: int abc_allow_stacked_button_bar
com.BlackBox.Wifi_Login.R$bool: int abc_config_actionMenuItemAllCaps
com.BlackBox.Wifi_Login.R$bool: int abc_config_closeDialogWhenTouchOutside
com.BlackBox.Wifi_Login.R$bool: int abc_config_showMenuShortcutsWhenKeyboardPresent
...
android.support.design.R$id: int action0
android.support.design.R$id: int action_bar
android.support.design.R$id: int action_bar_activity_content
android.support.design.R$id: int action_bar_container
android.support.design.R$id: int action_bar_root
android.support.design.R$id: int action_bar_spinner
android.support.design.R$id: int action_bar_subtitle
android.support.design.R$id: int action_bar_title
android.support.design.R$id: int action_container
android.support.design.R$id: int action_context_bar
android.support.design.R$id: int action_divider
android.support.design.R$id: int action_image
android.support.design.R$id: int action_menu_divider
android.support.design.R$id: int action_menu_presenter
android.support.design.R$id: int action_mode_bar
android.support.design.R$id: int action_mode_bar_stub
android.support.design.R$id: int action_mode_close_button
android.support.design.R$id: int action_text
android.support.design.R$id: int actions
android.support.design.R$id: int activity_chooser_view_content
android.support.design.R$id: int add
android.support.design.R$id: int alertTitle
android.support.design.R$id: int all
android.support.design.R$id: int always
android.support.design.R$id: int auto
android.support.design.R$id: int beginning
android.support.design.R$id: int bottom
android.support.design.R$id: int buttonPanel
android.support.design.R$id: int cancel_action
android.support.design.R$id: int center
android.support.design.R$id: int center_horizontal
android.support.design.R$integer: int abc_config_activityDefaultDur
android.support.design.R$integer: int abc_config_activityShortDur
android.support.design.R$integer: int app_bar_elevation_anim_duration
android.support.design.R$integer: int bottom_sheet_slide_duration
android.support.design.R$integer: int cancel_button_image_alpha
android.support.design.R$integer: int design_snackbar_text_max_lines
android.support.design.R$integer: int hide_password_duration
android.support.design.R$integer: int show_password_duration
android.support.design.R$integer: int status_bar_notification_info_maxnum
android.support.design.R$layout: int abc_action_bar_title_item
android.support.design.R$layout: int abc_action_bar_up_container
android.support.design.R$layout: int abc_action_bar_view_list_nav_layout
android.support.design.R$layout: int abc_action_menu_item_layout
android.support.design.R$layout: int abc_action_menu_layout
android.support.design.R$layout: int abc_action_mode_bar
android.support.design.R$layout: int abc_action_mode_close_item_material
android.support.design.R$layout: int abc_activity_chooser_view
android.support.design.R$layout: int abc_activity_chooser_view_list_item
android.support.design.R$layout: int abc_alert_dialog_button_bar_material
android.support.design.R$layout: int abc_alert_dialog_material
android.support.design.R$layout: int abc_alert_dialog_title_material
android.support.design.R$layout: int abc_dialog_title_material
android.support.design.R$layout: int abc_expanded_menu_layout
android.support.design.R$layout: int abc_list_menu_item_checkbox
android.support.design.R$layout: int abc_list_menu_item_icon
android.support.design.R$layout: int abc_list_menu_item_layout
android.support.design.R$layout: int abc_list_menu_item_radio
android.support.design.R$layout: int abc_popup_menu_header_item_layout
android.support.design.R$layout: int abc_popup_menu_item_layout
android.support.design.R$layout: int abc_screen_content_include
android.support.design.R$layout: int abc_screen_simple