app/build/outputs/mapping/release/mapping.txt
com.BlackBox.Wifi_Login.Activities.Main_Activity -> com.BlackBox.Wifi_Login.Activities.Main_Activity:
    android.support.design.widget.TextInputEditText eT_UserName -> m
    android.support.design.widget.TextInputEditText eT_Password -> n
    android.widget.CheckBox cB_saveCred -> o
    android.widget.CheckBox cB_startService -> p
    com.BlackBox.Wifi_Login.Classes.User_Cred user -> q
    android.content.Context context -> r
    android.app.ProgressDialog progressDialog -> s
    void <init>() -> <init>
    void onCreate(android.os.Bundle) -> onCreate
    void Login() -> i
    void showAlertDialog(java.lang.String,java.lang.String) -> a
    void createSnackbar(java.lang.String,int) -> a
    boolean isMyServiceRunning(java.lang.Class) -> a
    void access$000(com.BlackBox.Wifi_Login.Activities.Main_Activity) -> a
    android.widget.CheckBox access$100(com.BlackBox.Wifi_Login.Activities.Main_Activity) -> b
    android.widget.CheckBox access$200(com.BlackBox.Wifi_Login.Activities.Main_Activity) -> c
    android.content.Context access$300(com.BlackBox.Wifi_Login.Activities.Main_Activity) -> d
    android.app.ProgressDialog access$400(com.BlackBox.Wifi_Login.Activities.Main_Activity) -> e
    void access$500(com.BlackBox.Wifi_Login.Activities.Main_Activity,java.lang.String,int) -> a
    boolean access$600(com.BlackBox.Wifi_Login.Activities.Main_Activity,java.lang.Class) -> a
com.BlackBox.Wifi_Login.Activities.Main_Activity$1 -> com.BlackBox.Wifi_Login.Activities.Main_Activity$1:
    com.BlackBox.Wifi_Login.Activities.Main_Activity this$0 -> a
    void <init>(com.BlackBox.Wifi_Login.Activities.Main_Activity) -> <init>
    void onClick(android.view.View) -> onClick
com.BlackBox.Wifi_Login.Activities.Main_Activity$2 -> com.BlackBox.Wifi_Login.Activities.Main_Activity$2:
    com.BlackBox.Wifi_Login.Activities.Main_Activity this$0 -> a
    void <init>(com.BlackBox.Wifi_Login.Activities.Main_Activity) -> <init>
    void onClick(android.view.View) -> onClick
com.BlackBox.Wifi_Login.Activities.Main_Activity$3 -> com.BlackBox.Wifi_Login.Activities.Main_Activity$3:
    com.BlackBox.Wifi_Login.Activities.Main_Activity this$0 -> a
    void <init>(com.BlackBox.Wifi_Login.Activities.Main_Activity) -> <init>
    void onClick(android.content.DialogInterface,int) -> onClick
com.BlackBox.Wifi_Login.Activities.Main_Activity$MyOtherBroadcastReceiver -> com.BlackBox.Wifi_Login.Activities.Main_Activity$a:
    com.BlackBox.Wifi_Login.Activities.Main_Activity this$0 -> a
    void <init>(com.BlackBox.Wifi_Login.Activities.Main_Activity) -> <init>
    void onReceive(android.content.Context,android.content.Intent) -> onReceive
com.BlackBox.Wifi_Login.Activities.Splash_Screen -> com.BlackBox.Wifi_Login.Activities.Splash_Screen:
    void <init>() -> <init>
    void onCreate(android.os.Bundle) -> onCreate
com.BlackBox.Wifi_Login.Activities.Splash_Screen$1 -> com.BlackBox.Wifi_Login.Activities.Splash_Screen$1:
    com.BlackBox.Wifi_Login.Activities.Splash_Screen this$0 -> a
    void <init>(com.BlackBox.Wifi_Login.Activities.Splash_Screen) -> <init>
    void run() -> run
com.BlackBox.Wifi_Login.Activities.StopServiceActivity -> com.BlackBox.Wifi_Login.Activities.StopServiceActivity:
    void <init>() -> <init>
    void onCreate(android.os.Bundle) -> onCreate
    void stopService(android.view.View) -> stopService
com.BlackBox.Wifi_Login.Classes.Connection_Detector -> com.BlackBox.Wifi_Login.a.a:
    android.content.Context _context -> a
    void <init>(android.content.Context) -> <init>
    int isConnectedToWifi() -> a
...
android.support.v7.widget.AppCompatCheckBox -> android.support.v7.widget.j:
    android.support.v7.widget.AppCompatCompoundButtonHelper mCompoundButtonHelper -> a
    void <init>(android.content.Context,android.util.AttributeSet) -> <init>
    void <init>(android.content.Context,android.util.AttributeSet,int) -> <init>
    void setButtonDrawable(android.graphics.drawable.Drawable) -> setButtonDrawable
    void setButtonDrawable(int) -> setButtonDrawable
    int getCompoundPaddingLeft() -> getCompoundPaddingLeft
    void setSupportButtonTintList(android.content.res.ColorStateList) -> setSupportButtonTintList
    android.content.res.ColorStateList getSupportButtonTintList() -> getSupportButtonTintList
    void setSupportButtonTintMode(android.graphics.PorterDuff$Mode) -> setSupportButtonTintMode
    android.graphics.PorterDuff$Mode getSupportButtonTintMode() -> getSupportButtonTintMode
android.support.v7.widget.AppCompatCheckedTextView -> android.support.v7.widget.k:
    int[] TINT_ATTRS -> a
    android.support.v7.widget.AppCompatTextHelper mTextHelper -> b
    void <init>(android.content.Context,android.util.AttributeSet) -> <init>
    void <init>(android.content.Context,android.util.AttributeSet,int) -> <init>
    void setCheckMarkDrawable(int) -> setCheckMarkDrawable
    void setTextAppearance(android.content.Context,int) -> setTextAppearance
    void drawableStateChanged() -> drawableStateChanged
    void <clinit>() -> <clinit>
android.support.v7.widget.AppCompatCompoundButtonHelper -> android.support.v7.widget.l:
    android.widget.CompoundButton mView -> a
    android.content.res.ColorStateList mButtonTintList -> b
    android.graphics.PorterDuff$Mode mButtonTintMode -> c
    boolean mHasButtonTint -> d
    boolean mHasButtonTintMode -> e
    boolean mSkipNextApply -> f
    void <init>(android.widget.CompoundButton) -> <init>
    void loadFromAttributes(android.util.AttributeSet,int) -> a
    void setSupportButtonTintList(android.content.res.ColorStateList) -> a
    android.content.res.ColorStateList getSupportButtonTintList() -> a
    void setSupportButtonTintMode(android.graphics.PorterDuff$Mode) -> a
    android.graphics.PorterDuff$Mode getSupportButtonTintMode() -> b
    void onSetButtonDrawable() -> c
    void applyButtonTint() -> d
    int getCompoundPaddingLeft(int) -> a
android.support.v7.widget.AppCompatDrawableManager -> android.support.v7.widget.m:
    android.graphics.PorterDuff$Mode DEFAULT_MODE -> a
    android.support.v7.widget.AppCompatDrawableManager INSTANCE -> b
    android.support.v7.widget.AppCompatDrawableManager$ColorFilterLruCache COLOR_FILTER_CACHE -> c
    int[] COLORFILTER_TINT_COLOR_CONTROL_NORMAL -> d
    int[] TINT_COLOR_CONTROL_NORMAL -> e
    int[] COLORFILTER_COLOR_CONTROL_ACTIVATED -> f
    int[] COLORFILTER_COLOR_BACKGROUND_MULTIPLY -> g
    int[] TINT_COLOR_CONTROL_STATE_LIST -> h
    int[] TINT_CHECKABLE_BUTTON_LIST -> i
    java.util.WeakHashMap mTintLists -> j
    android.support.v4.util.ArrayMap mDelegates -> k
    android.support.v4.util.SparseArrayCompat mKnownDrawableIdTags -> l
    java.lang.Object mDrawableCacheLock -> m
    java.util.WeakHashMap mDrawableCaches -> n
    android.util.TypedValue mTypedValue -> o
    boolean mHasCheckedVectorDrawableSetup -> p
    void <init>() -> <init>
    android.support.v7.widget.AppCompatDrawableManager get() -> a
    void installDefaultInflateDelegates(android.support.v7.widget.AppCompatDrawableManager) -> a
    android.graphics.drawable.Drawable getDrawable(android.content.Context,int) -> a
    android.graphics.drawable.Drawable getDrawable(android.content.Context,int,boolean) -> a
    void onConfigurationChanged(android.content.Context) -> a
    long createCacheKey(android.util.TypedValue) -> a