app/build/outputs/mapping/release/usage.txt
com.BlackBox.Wifi_Login.Activities.Splash_Screen:
    static final int SPLASH_TIME_OUT
com.BlackBox.Wifi_Login.BuildConfig
com.BlackBox.Wifi_Login.Classes.Login_Task:
    public static final java.lang.String ACTION_RESULT
com.BlackBox.Wifi_Login.Classes.User_Cred$CryptoHelper:
    private static final java.lang.String ALGORITHM
    private static final java.lang.String HEX
    87:87:private User_Cred$CryptoHelper()
com.BlackBox.Wifi_Login.R
com.BlackBox.Wifi_Login.R$anim
com.BlackBox.Wifi_Login.R$animator
com.BlackBox.Wifi_Login.R$attr
com.BlackBox.Wifi_Login.R$bool
com.BlackBox.Wifi_Login.R$color
com.BlackBox.Wifi_Login.R$dimen
com.BlackBox.Wifi_Login.R$drawable
com.BlackBox.Wifi_Login.R$id
com.BlackBox.Wifi_Login.R$integer
com.BlackBox.Wifi_Login.R$layout
com.BlackBox.Wifi_Login.R$mipmap
com.BlackBox.Wifi_Login.R$string
com.BlackBox.Wifi_Login.R$style
com.BlackBox.Wifi_Login.R$styleable
com.BlackBox.Wifi_Login.Services.BackgroundService:
    private static final java.lang.String EXTRA_URL
    private static final int Notification_ID
com.BlackBox.Wifi_Login.Services.Login_Service:
    public static final java.lang.String ACTION_LOGIN
...
android.support.v7.widget.PopupMenu
android.support.v7.widget.PopupMenu$1
android.support.v7.widget.PopupMenu$2
android.support.v7.widget.PopupMenu$3
android.support.v7.widget.PopupMenu$OnDismissListener
android.support.v7.widget.PopupMenu$OnMenuItemClickListener
android.support.v7.widget.PositionMap
android.support.v7.widget.PositionMap$ContainerHelpers
android.support.v7.widget.RecyclerView:
    static final java.lang.String TAG
    static final boolean DEBUG
    static final boolean VERBOSE_TRACING
    static final boolean DISPATCH_TEMP_DETACH
    public static final int HORIZONTAL
    public static final int VERTICAL
    public static final int NO_POSITION
    public static final long NO_ID
    public static final int INVALID_TYPE
    public static final int TOUCH_SLOP_DEFAULT
    public static final int TOUCH_SLOP_PAGING
    static final int MAX_SCROLL_DURATION
    static final java.lang.String TRACE_SCROLL_TAG
    private static final java.lang.String TRACE_ON_LAYOUT_TAG
    private static final java.lang.String TRACE_ON_DATA_SET_CHANGE_LAYOUT_TAG
    private static final java.lang.String TRACE_HANDLE_ADAPTER_UPDATES_TAG
    static final java.lang.String TRACE_BIND_VIEW_TAG
    static final java.lang.String TRACE_PREFETCH_TAG
    static final java.lang.String TRACE_NESTED_PREFETCH_TAG
    static final java.lang.String TRACE_CREATE_VIEW_TAG
    private static final int INVALID_POINTER
    public static final int SCROLL_STATE_IDLE
    public static final int SCROLL_STATE_DRAGGING
    public static final int SCROLL_STATE_SETTLING
    static final long FOREVER_NS
    912:912:public boolean hasFixedSize()
    986:990:public void swapAdapter(android.support.v7.widget.RecyclerView$Adapter,boolean)
android.support.v7.widget.RecyclerView$Adapter:
    6277:6279:public RecyclerView$Adapter()
    6423:6428:public void setHasStableIds(boolean)
    6549:6549:public final boolean hasObservers()
    6636:6637:public final void notifyDataSetChanged()
    6652:6653:public final void notifyItemChanged(int)
    6680:6681:public final void notifyItemChanged(int,java.lang.Object)
    6698:6699:public final void notifyItemRangeChanged(int,int)
    6728:6729:public final void notifyItemRangeChanged(int,int,java.lang.Object)
    6745:6746:public final void notifyItemInserted(int)
    6760:6761:public final void notifyItemMoved(int,int)
    6779:6780:public final void notifyItemRangeInserted(int,int)
    6796:6797:public final void notifyItemRemoved(int)
    6813:6814:public final void notifyItemRangeRemoved(int,int)
android.support.v7.widget.RecyclerView$AdapterDataObservable:
    11348:11348:RecyclerView$AdapterDataObservable()
    11350:11350:public boolean hasObservers()
    11358:11361:public void notifyChanged()
    11364:11365:public void notifyItemRangeChanged(int,int)
    11372:11375:public void notifyItemRangeChanged(int,int,java.lang.Object)
    11382:11385:public void notifyItemRangeInserted(int,int)
    11392:11395:public void notifyItemRangeRemoved(int,int)
    11398:11401:public void notifyItemMoved(int,int)
android.support.v7.widget.RecyclerView$AdapterDataObserver:
    10885:10885:public void onChanged()
    10889:10889:public void onItemRangeChanged(int,int)
    10894:10895:public void onItemRangeChanged(int,int,java.lang.Object)
    10899:10899:public void onItemRangeInserted(int,int)
    10903:10903:public void onItemRangeRemoved(int,int)
    10907:10907:public void onItemRangeMoved(int,int,int)